  [4;36;1mSQL (0.1ms)[0m   [0;1mSET NAMES 'utf8'[0m
  [4;35;1mSQL (0.1ms)[0m   [0mSET SQL_AUTO_IS_NULL=0[0m
  [4;36;1mSQL (98.5ms)[0m   [0;1mSHOW TABLES[0m
  [4;35;1mSQL (945.6ms)[0m   [0mCREATE TABLE `schema_migrations` (`version` varchar(255) NOT NULL) ENGINE=InnoDB[0m
  [4;36;1mSQL (0.8ms)[0m   [0;1mSHOW KEYS FROM `schema_migrations`[0m
  [4;35;1mSQL (485.5ms)[0m   [0mCREATE UNIQUE INDEX `unique_schema_migrations` ON `schema_migrations` (`version`)[0m
  [4;36;1mSQL (21.3ms)[0m   [0;1mSHOW TABLES[0m
  [4;35;1mSQL (0.9ms)[0m   [0mSELECT version FROM schema_migrations[0m
Migrating to CreateMerchants (20110822215951)
  [4;36;1mSQL (171.9ms)[0m   [0;1mCREATE TABLE `merchants` (`id` int(11) DEFAULT NULL auto_increment PRIMARY KEY, `name` varchar(255), `description` text, `city` varchar(255), `state` varchar(255), `zip_code` varchar(255), `created_at` datetime, `updated_at` datetime) ENGINE=InnoDB[0m
  [4;35;1mSQL (26.3ms)[0m   [0mINSERT INTO schema_migrations (version) VALUES ('20110822215951')[0m
  [4;36;1mSQL (0.5ms)[0m   [0;1mSHOW TABLES[0m
  [4;35;1mSQL (0.2ms)[0m   [0mSELECT version FROM schema_migrations[0m
  [4;36;1mSQL (0.2ms)[0m   [0;1mSHOW TABLES[0m
  [4;35;1mSQL (2.8ms)[0m   [0mSHOW FIELDS FROM `merchants`[0m
  [4;36;1mSQL (1.7ms)[0m   [0;1mdescribe `merchants`[0m
  [4;35;1mSQL (0.3ms)[0m   [0mSHOW KEYS FROM `merchants`[0m
  [4;36;1mSQL (0.2ms)[0m   [0;1mSET NAMES 'utf8'[0m
  [4;35;1mSQL (0.1ms)[0m   [0mSET SQL_AUTO_IS_NULL=0[0m


Processing MerchantsController#index (for 127.0.0.1 at 2011-08-22 17:01:16) [GET]
  [4;36;1mMerchant Load (19.5ms)[0m   [0;1mSELECT * FROM `merchants` [0m
Rendering template within layouts/merchants
Rendering merchants/index
Completed in 36ms (View: 12, DB: 20) | 200 OK [http://localhost/merchants]
  [4;35;1mSQL (0.1ms)[0m   [0mSET NAMES 'utf8'[0m
  [4;36;1mSQL (0.1ms)[0m   [0;1mSET SQL_AUTO_IS_NULL=0[0m


Processing MerchantsController#new (for 127.0.0.1 at 2011-08-22 17:01:18) [GET]
  [4;35;1mMerchant Columns (2.0ms)[0m   [0mSHOW FIELDS FROM `merchants`[0m
Rendering template within layouts/merchants
Rendering merchants/new
Completed in 20ms (View: 14, DB: 2) | 200 OK [http://localhost/merchants/new]
  [4;36;1mSQL (0.2ms)[0m   [0;1mSET NAMES 'utf8'[0m
  [4;35;1mSQL (0.1ms)[0m   [0mSET SQL_AUTO_IS_NULL=0[0m


Processing MerchantsController#index (for 127.0.0.1 at 2011-08-22 17:02:59) [GET]
  [4;36;1mMerchant Load (0.4ms)[0m   [0;1mSELECT * FROM `merchants` [0m
Rendering template within layouts/merchants
Rendering merchants/index
Completed in 15ms (View: 11, DB: 1) | 200 OK [http://localhost/merchants]
  [4;36;1mSQL (0.2ms)[0m   [0;1mSET NAMES 'utf8'[0m
  [4;35;1mSQL (0.1ms)[0m   [0mSET SQL_AUTO_IS_NULL=0[0m
  [4;36;1mSQL (0.3ms)[0m   [0;1mSHOW TABLES[0m
  [4;35;1mSQL (0.2ms)[0m   [0mSELECT version FROM schema_migrations[0m
  [4;36;1mSQL (0.1ms)[0m   [0;1mSET NAMES 'utf8'[0m
  [4;35;1mSQL (0.1ms)[0m   [0mSET SQL_AUTO_IS_NULL=0[0m
  [4;36;1mSQL (2.6ms)[0m   [0;1mDROP DATABASE IF EXISTS `whatsthebigdeal_test`[0m
  [4;35;1mSQL (0.4ms)[0m   [0mCREATE DATABASE `whatsthebigdeal_test` DEFAULT CHARACTER SET `utf8`[0m
  [4;36;1mSQL (0.1ms)[0m   [0;1mSET NAMES 'utf8'[0m
  [4;35;1mSQL (0.0ms)[0m   [0mSET SQL_AUTO_IS_NULL=0[0m
  [4;36;1mSQL (0.2ms)[0m   [0;1mSHOW TABLES[0m
  [4;35;1mSQL (74.4ms)[0m   [0mCREATE TABLE `merchants` (`id` int(11) DEFAULT NULL auto_increment PRIMARY KEY, `name` varchar(255), `description` text, `city` varchar(255), `state` varchar(255), `zip_code` varchar(255), `created_at` datetime, `updated_at` datetime) ENGINE=InnoDB[0m
  [4;36;1mSQL (0.5ms)[0m   [0;1mSHOW TABLES[0m
  [4;35;1mSQL (328.1ms)[0m   [0mCREATE TABLE `schema_migrations` (`version` varchar(255) NOT NULL) ENGINE=InnoDB[0m
  [4;36;1mSQL (0.5ms)[0m   [0;1mSHOW KEYS FROM `schema_migrations`[0m
  [4;35;1mSQL (139.6ms)[0m   [0mCREATE UNIQUE INDEX `unique_schema_migrations` ON `schema_migrations` (`version`)[0m
  [4;36;1mSQL (0.4ms)[0m   [0;1mSHOW TABLES[0m
  [4;35;1mSQL (0.2ms)[0m   [0mSELECT version FROM `schema_migrations`[0m
  [4;36;1mSQL (0.4ms)[0m   [0;1mINSERT INTO `schema_migrations` (version) VALUES ('20110822215951')[0m
